Wed May 25 13:51:23 +1000 2011
/home/keith/Reporting/public/documents/0000/0007/Optus_lead-_S7_forecast-_25052011.xls
S06 Forecast has changed from 2011-06-10 by 20 days to 2011-06-30 for JM6105, node_id: 9005
S06 Forecast has changed from 2011-04-29 by 62 days to 2011-06-30 for JB9550, node_id: 1283
Cannot find matching node, milestone is S7, import file says JB9431, original node should be true
S06 Forecast has changed from 2011-05-09 by 37 days to 2011-06-15 for JB9561, node_id: 1299
S06 Forecast has changed from 2011-06-17 by 3 days to 2011-06-20 for JM9225, node_id: 2071
S06 Forecast has changed from 2011-06-15 by 16 days to 2011-07-01 for JS6095, node_id: 3805
Cannot find matching node, milestone is S7, import file says JM9825, original node should be true
Cannot find matching node, milestone is S7, import file says JM9910, original node should be true
Cannot find matching node, milestone is S7, import file says JS9810, original node should be true
Cannot find matching node, milestone is S7, import file says JS9557, original node should be true
S06 Forecast has changed from 2011-09-07 by -47 days to 2011-07-22 for JB9596, node_id: 1338
S06 Forecast has changed from 2011-08-30 by -31 days to 2011-07-30 for JB9557, node_id: 1292
Cannot find matching node, milestone is S7, import file says JM9823, original node should be true
S06 Forecast has changed from 2011-07-30 by 14 days to 2011-08-13 for JS9813, node_id: 5444
Cannot find matching node, milestone is S7, import file says JS9692, original node should be true
Cannot find matching node, milestone is S7, import file says JS6178, original node should be true
Cannot find matching node, milestone is S7, import file says JM9824, original node should be true
Cannot find matching node, milestone is S7, import file says JS9995, original node should be true
Cannot find matching node, milestone is S7, import file says JA9232, original node should be true
S06 Forecast has changed from 2011-08-28 by 14 days to 2011-09-11 for JS9455, node_id: 4898
Cannot find matching node, milestone is S7, import file says JB9401, original node should be true
Cannot find matching node, milestone is S7, import file says JS9819, original node should be true
S06 Forecast has changed from 2011-08-30 by 14 days to 2011-09-13 for JS9982, node_id: 5649
S06 Forecast has changed from 2011-09-07 by 14 days to 2011-09-21 for JB9553, node_id: 1287
Cannot find matching node, milestone is S7, import file says JS6213, original node should be true
Cannot find matching node, milestone is S7, import file says JS6254, original node should be true
S06 Forecast has changed from 2011-12-12 by -74 days to 2011-09-29 for JB9546, node_id: 1278
Cannot find matching node, milestone is S7, import file says JS9824, original node should be true
S06 Forecast has changed from 2011-10-30 by -31 days to 2011-09-29 for JM9724, node_id: 2877
Cannot find matching node, milestone is S7, import file says JP9288, original node should be true
S06 Forecast has changed from 2012-01-20 by -108 days to 2011-10-04 for JB9560, node_id: 1297
Cannot find matching node, milestone is S7, import file says JM9922, original node should be true
Cannot find matching node, milestone is S7, import file says JS9997, original node should be true
S06 Forecast has changed from 2011-11-23 by -26 days to 2011-10-28 for JB9432, node_id: 1160
S06 Forecast has changed from 2011-10-15 by 14 days to 2011-10-29 for JS6349, node_id: 9527
S06 Forecast has changed from 2011-10-24 by 14 days to 2011-11-07 for JS6263, node_id: 3955
S06 Forecast has changed from 2012-07-12 by -230 days to 2011-11-25 for JB9572, node_id: 1315
Cannot find matching node, milestone is S7, import file says JS6031, original node should be true
S06 Forecast has changed from 2011-11-25 by 14 days to 2011-12-09 for JM9624, node_id: 2710
Cannot find matching node, milestone is S7, import file says JS9761, original node should be true
Cannot find matching node, milestone is S7, import file says JS9234, original node should be true
Cannot find matching node, milestone is S7, import file says JM9927, original node should be true
S06 Forecast has changed from 2011-12-20 by 14 days to 2012-01-03 for JM9657, node_id: 2770
Cannot find matching node, milestone is S7, import file says JS6252, original node should be true
Cannot find matching node, milestone is S7, import file says JM9919, original node should be true
S06 Forecast has changed from 2012-02-28 by 14 days to 2012-03-13 for JA9085, node_id: 132
S06 Forecast has changed from 2012-03-31 by 14 days to 2012-04-14 for JB9569, node_id: 1311
S06 Forecast has changed from 2012-04-15 by 14 days to 2012-04-29 for JM9723, node_id: 2875
Cannot find matching node, milestone is S7, import file says JM9650, original node should be true
Cannot find matching node, milestone is S7, import file says JS6074, original node should be true
Cannot find matching node, milestone is S7, import file says JM9926, original node should be true
Cannot find matching node, milestone is S7, import file says JM9738, original node should be true
S06 Forecast has changed from 2012-12-31 by 14 days to 2013-01-14 for JP9312, node_id: 3684
S06 Forecast has changed from 2012-12-31 by 14 days to 2013-01-14 for JA9265, node_id: 417
Parsed 55 lines of input file
Added 25 new records
Wed May 25 13:51:30 +1000 2011
----------------------------------------------------------------------------
